Copyright 1986-1999, 2001-2013 Xilinx, Inc. All Rights Reserved.
-------------------------------------------------------------------------------------------------------------------
| Tool Version     : Vivado v.2013.4 (win64) Build 353583 Mon Dec  9 17:49:19 MST 2013
| Date             : Wed Sep 17 23:04:41 2014
| Host             : SALMONGRANDPC running 64-bit Service Pack 1  (build 7601)
| Command          : report_power -file system_top_power_routed.rpt -pb system_top_power_summary_routed.pb
| Design           : system_top
| Device           : xc7z020clg484-1
| Design State     : Routed
| Grade            : commercial
| Process          : typical
| Characterization : Production
-------------------------------------------------------------------------------------------------------------------

Power Report

Table of Contents
-----------------
1. Summary
1.1 On-Chip Components
1.2 Power Supply Summary
1.3 Confidence Level
2. Settings
2.1 Environment
2.2 Clock Constraints
3. Detailed Reports
3.1 By Hierarchy

1. Summary
----------

+--------------------------+-------+
| Total On-Chip Power (W)  | 1.785 |
| Dynamic (W)              | 1.627 |
| Device Static (W)        | 0.157 |
| Total Off-Chip Power (W) | 0.121 |
| Effective TJA (C/W)      | 11.5  |
| Max Ambient (C)          | 64.4  |
| Junction Temperature (C) | 45.6  |
| Confidence Level         | Low   |
| Setting File             | ---   |
| Simulation Activity File | ---   |
| Design Nets Matched      | NA    |
+--------------------------+-------+


1.1 On-Chip Components
----------------------

+--------------------------+-----------+----------+-----------+-----------------+
| On-Chip                  | Power (W) | Used     | Available | Utilization (%) |
+--------------------------+-----------+----------+-----------+-----------------+
| Clocks                   |     0.029 |       12 |       --- |             --- |
| Slice Logic              |     0.003 |    11148 |       --- |             --- |
|   LUT as Logic           |     0.002 |     4219 |     53200 |            7.93 |
|   Register               |    <0.001 |     5223 |    106400 |            4.90 |
|   LUT as Distributed RAM |    <0.001 |       66 |     17400 |            0.37 |
|   CARRY4                 |    <0.001 |      274 |     13300 |            2.06 |
|   LUT as Shift Register  |    <0.001 |      153 |     17400 |            0.87 |
|   F7/F8 Muxes            |    <0.001 |        1 |     53200 |           <0.01 |
|   Others                 |     0.000 |      193 |       --- |             --- |
| Signals                  |     0.007 |     8748 |       --- |             --- |
| Block RAM                |     0.005 |        2 |       140 |            1.42 |
| MMCM                     |     0.220 |        2 |         4 |           50.00 |
| DSPs                     |    <0.001 |        9 |       220 |            4.09 |
| I/O                      |     0.056 |       65 |       200 |           32.50 |
| PS7                      |     1.308 |        1 |       --- |             --- |
| Static Power             |     0.157 |          |           |                 |
| Total                    |     1.785 |          |           |                 |
+--------------------------+-----------+----------+-----------+-----------------+


1.2 Power Supply Summary
------------------------

+-----------+-------------+-----------+-------------+------------+
| Source    | Voltage (V) | Total (A) | Dynamic (A) | Static (A) |
+-----------+-------------+-----------+-------------+------------+
| Vccint    |       1.000 |     0.060 |       0.044 |      0.016 |
| Vccaux    |       1.800 |     0.145 |       0.124 |      0.021 |
| Vcco33    |       3.300 |     0.012 |       0.011 |      0.001 |
| Vcco25    |       2.500 |     0.007 |       0.006 |      0.001 |
| Vcco18    |       1.800 |     0.000 |       0.000 |      0.000 |
| Vcco15    |       1.500 |     0.000 |       0.000 |      0.000 |
| Vcco135   |       1.350 |     0.000 |       0.000 |      0.000 |
| Vcco12    |       1.200 |     0.000 |       0.000 |      0.000 |
| Vccaux_io |       1.800 |     0.000 |       0.000 |      0.000 |
| Vccbram   |       1.000 |     0.001 |       0.000 |      0.001 |
| MGTAVcc   |       1.000 |     0.000 |       0.000 |      0.000 |
| MGTAVtt   |       1.200 |     0.000 |       0.000 |      0.000 |
| MGTVccaux |       1.800 |     0.000 |       0.000 |      0.000 |
| Vccpint   |       1.000 |     0.422 |       0.391 |      0.031 |
| Vccpaux   |       1.800 |     0.045 |       0.034 |      0.010 |
| Vccpll    |       1.800 |     0.116 |       0.113 |      0.003 |
| Vcco_ddr  |       1.500 |     0.511 |       0.509 |      0.002 |
| Vcco_mio0 |       1.800 |     0.004 |       0.003 |      0.001 |
| Vcco_mio1 |       1.800 |     0.003 |       0.002 |      0.001 |
| Vccadc    |       1.800 |     0.020 |       0.000 |      0.020 |
+-----------+-------------+-----------+-------------+------------+


1.3 Confidence Level
--------------------

+-----------------------------+------------+--------------------------------------------------------+------------------------------------------------------------------------------------------------------------+
| User Input Data             | Confidence | Details                                                | Action                                                                                                     |
+-----------------------------+------------+--------------------------------------------------------+------------------------------------------------------------------------------------------------------------+
| Design implementation state | High       | Design is completely routed                            |                                                                                                            |
| Clock nodes activity        | High       | User specified more than 95% of clocks                 |                                                                                                            |
| I/O nodes activity          | Low        | More than 75% of inputs are missing user specification | Provide missing input activity with simulation results or by editing the "By Resource Type -> I/Os" view   |
| Internal nodes activity     | Medium     | User specified less than 25% of internal nodes         | Provide missing internal nodes activity with simulation results or by editing the "By Resource Type" views |
| Device models               | High       | Device models are Production                           |                                                                                                            |
|                             |            |                                                        |                                                                                                            |
| Overall confidence level    | Low        |                                                        |                                                                                                            |
+-----------------------------+------------+--------------------------------------------------------+------------------------------------------------------------------------------------------------------------+


2. Settings
-----------

2.1 Environment
---------------

+-----------------------+------------------------+
| Ambient Temp (C)      | 25.0                   |
| ThetaJA (C/W)         | 11.5                   |
| Airflow (LFM)         | 250                    |
| Heat Sink             | none                   |
| ThetaSA (C/W)         | 0.0                    |
| Board Selection       | medium (10"x10")       |
| # of Board Layers     | 8to11 (8 to 11 Layers) |
| Board Temperature (C) | 25.0                   |
+-----------------------+------------------------+


2.2 Clock Constraints
---------------------

+----------------------------------------------------------------------------------------+----------------------------------------------------------------------------------------+-----------------+
| Clock                                                                                  | Domain                                                                                 | Constraint (ns) |
+----------------------------------------------------------------------------------------+----------------------------------------------------------------------------------------+-----------------+
| i_system_wrapper/system_i/axi_hdmi_clkgen/clk_0                                        | i_system_wrapper/system_i/axi_hdmi_clkgen/clk_0                                        |             6.7 |
| i_system_wrapper/system_i/axi_hdmi_clkgen/inst/i_mmcm_drp/bufg_fb_clk_s                | i_system_wrapper/system_i/axi_hdmi_clkgen/inst/i_mmcm_drp/bufg_fb_clk_s                |            55.0 |
| i_system_wrapper/system_i/axi_hdmi_clkgen/inst/i_mmcm_drp/mmcm_clk_0_s                 | i_system_wrapper/system_i/axi_hdmi_clkgen/inst/i_mmcm_drp/mmcm_clk_0_s                 |             6.7 |
| i_system_wrapper/system_i/axi_hdmi_clkgen/inst/i_mmcm_drp/mmcm_fb_clk_s                | i_system_wrapper/system_i/axi_hdmi_clkgen/inst/i_mmcm_drp/mmcm_fb_clk_s                |            55.0 |
| i_system_wrapper/system_i/sys_audio_clkgen/inst/clk_out1                               | i_system_wrapper/system_i/sys_audio_clkgen/inst/clk_out1                               |            81.4 |
| i_system_wrapper/system_i/sys_audio_clkgen/inst/clk_out1_system_sys_audio_clkgen_0     | i_system_wrapper/system_i/sys_audio_clkgen/inst/clk_out1_system_sys_audio_clkgen_0     |            81.4 |
| i_system_wrapper/system_i/sys_audio_clkgen/inst/clkfbout_buf_system_sys_audio_clkgen_0 | i_system_wrapper/system_i/sys_audio_clkgen/inst/clkfbout_buf_system_sys_audio_clkgen_0 |            45.0 |
| i_system_wrapper/system_i/sys_audio_clkgen/inst/clkfbout_system_sys_audio_clkgen_0     | i_system_wrapper/system_i/sys_audio_clkgen/inst/clkfbout_system_sys_audio_clkgen_0     |            45.0 |
| i_system_wrapper/system_i/sys_ps7/inst/FCLK_CLK0                                       | i_system_wrapper/system_i/sys_ps7/inst/FCLK_CLK0                                       |            10.0 |
| i_system_wrapper/system_i/sys_ps7/inst/FCLK_CLK1                                       | i_system_wrapper/system_i/sys_ps7/inst/FCLK_CLK1                                       |             5.0 |
| i_system_wrapper/system_i/sys_ps7/inst/FCLK_CLK_unbuffered[0]                          | i_system_wrapper/system_i/sys_ps7/inst/FCLK_CLK_unbuffered[0]                          |            10.0 |
| i_system_wrapper/system_i/sys_ps7/inst/FCLK_CLK_unbuffered[1]                          | i_system_wrapper/system_i/sys_ps7/inst/FCLK_CLK_unbuffered[1]                          |             5.0 |
+----------------------------------------------------------------------------------------+----------------------------------------------------------------------------------------+-----------------+


3. Detailed Reports
-------------------

3.1 By Hierarchy
----------------

+------------------------------------------------------------------------------------------------------------------------------------------------------------------------------------------------------------+-----------+
| Name                                                                                                                                                                                                       | Power (W) |
+------------------------------------------------------------------------------------------------------------------------------------------------------------------------------------------------------------+-----------+
| system_top                                                                                                                                                                                                 |     1.627 |
|   g_iobuf_gpio_bd[0].i_iobuf_gpio_bd                                                                                                                                                                       |    <0.001 |
|   g_iobuf_gpio_bd[10].i_iobuf_gpio_bd                                                                                                                                                                      |     0.001 |
|   g_iobuf_gpio_bd[11].i_iobuf_gpio_bd                                                                                                                                                                      |    <0.001 |
|   g_iobuf_gpio_bd[12].i_iobuf_gpio_bd                                                                                                                                                                      |    <0.001 |
|   g_iobuf_gpio_bd[13].i_iobuf_gpio_bd                                                                                                                                                                      |    <0.001 |
|   g_iobuf_gpio_bd[14].i_iobuf_gpio_bd                                                                                                                                                                      |    <0.001 |
|   g_iobuf_gpio_bd[15].i_iobuf_gpio_bd                                                                                                                                                                      |    <0.001 |
|   g_iobuf_gpio_bd[16].i_iobuf_gpio_bd                                                                                                                                                                      |    <0.001 |
|   g_iobuf_gpio_bd[17].i_iobuf_gpio_bd                                                                                                                                                                      |    <0.001 |
|   g_iobuf_gpio_bd[18].i_iobuf_gpio_bd                                                                                                                                                                      |    <0.001 |
|   g_iobuf_gpio_bd[19].i_iobuf_gpio_bd                                                                                                                                                                      |     0.001 |
|   g_iobuf_gpio_bd[1].i_iobuf_gpio_bd                                                                                                                                                                       |    <0.001 |
|   g_iobuf_gpio_bd[20].i_iobuf_gpio_bd                                                                                                                                                                      |     0.001 |
|   g_iobuf_gpio_bd[21].i_iobuf_gpio_bd                                                                                                                                                                      |     0.001 |
|   g_iobuf_gpio_bd[22].i_iobuf_gpio_bd                                                                                                                                                                      |     0.001 |
|   g_iobuf_gpio_bd[23].i_iobuf_gpio_bd                                                                                                                                                                      |     0.001 |
|   g_iobuf_gpio_bd[24].i_iobuf_gpio_bd                                                                                                                                                                      |     0.002 |
|   g_iobuf_gpio_bd[25].i_iobuf_gpio_bd                                                                                                                                                                      |     0.001 |
|   g_iobuf_gpio_bd[26].i_iobuf_gpio_bd                                                                                                                                                                      |     0.002 |
|   g_iobuf_gpio_bd[27].i_iobuf_gpio_bd                                                                                                                                                                      |    <0.001 |
|   g_iobuf_gpio_bd[28].i_iobuf_gpio_bd                                                                                                                                                                      |    <0.001 |
|   g_iobuf_gpio_bd[29].i_iobuf_gpio_bd                                                                                                                                                                      |    <0.001 |
|   g_iobuf_gpio_bd[2].i_iobuf_gpio_bd                                                                                                                                                                       |    <0.001 |
|   g_iobuf_gpio_bd[30].i_iobuf_gpio_bd                                                                                                                                                                      |    <0.001 |
|   g_iobuf_gpio_bd[31].i_iobuf_gpio_bd                                                                                                                                                                      |    <0.001 |
|   g_iobuf_gpio_bd[3].i_iobuf_gpio_bd                                                                                                                                                                       |    <0.001 |
|   g_iobuf_gpio_bd[4].i_iobuf_gpio_bd                                                                                                                                                                       |    <0.001 |
|   g_iobuf_gpio_bd[5].i_iobuf_gpio_bd                                                                                                                                                                       |     0.001 |
|   g_iobuf_gpio_bd[6].i_iobuf_gpio_bd                                                                                                                                                                       |     0.001 |
|   g_iobuf_gpio_bd[7].i_iobuf_gpio_bd                                                                                                                                                                       |     0.001 |
|   g_iobuf_gpio_bd[8].i_iobuf_gpio_bd                                                                                                                                                                       |     0.001 |
|   g_iobuf_gpio_bd[9].i_iobuf_gpio_bd                                                                                                                                                                       |     0.001 |
|   i_iic_mux_scl_0                                                                                                                                                                                          |     0.000 |
|   i_iic_mux_scl_1                                                                                                                                                                                          |     0.000 |
|   i_iic_mux_sda_0                                                                                                                                                                                          |     0.000 |
|   i_iic_mux_sda_1                                                                                                                                                                                          |     0.000 |
|   i_system_wrapper                                                                                                                                                                                         |     1.571 |
|     iic_fmc_scl_iobuf                                                                                                                                                                                      |     0.000 |
|     iic_fmc_sda_iobuf                                                                                                                                                                                      |     0.000 |
|     system_i                                                                                                                                                                                               |     1.571 |
|       axi_cpu_interconnect                                                                                                                                                                                 |     0.005 |
|         m05_couplers/M_AXI_awready_via                                                                                                                                                                     |     0.000 |
|         m05_couplers/M_AXI_bvalid_via                                                                                                                                                                      |     0.000 |
|         m05_couplers/M_AXI_wready_via                                                                                                                                                                      |     0.000 |
|         s00_couplers/auto_pc                                                                                                                                                                               |     0.004 |
|         xbar                                                                                                                                                                                               |    <0.001 |
|       axi_hdmi_clkgen                                                                                                                                                                                      |     0.102 |
|       axi_hdmi_core                                                                                                                                                                                        |     0.018 |
|       axi_hdmi_dma                                                                                                                                                                                         |     0.005 |
|         U0                                                                                                                                                                                                 |     0.005 |
|       axi_hdmi_interconnect                                                                                                                                                                                |    <0.001 |
|         s00_couplers/auto_pc                                                                                                                                                                               |    <0.001 |
|           inst/gen_axi4_axi3.axi3_conv_inst/USE_READ.USE_SPLIT_R.read_addr_inst/USE_R_CHANNEL.cmd_queue/inst/fifo_gen_inst/inst_fifo_gen/gconvfifo.rf/grf.rf/gntv_or_sync_fifo.mem/gdm.dm/RAM_reg_0_31_0_0 |    <0.001 |
|       axi_i2s_adi                                                                                                                                                                                          |     0.002 |
|         U0/ctrl/rx_gen.rx_sync/fifo_reg_0_3_0_4                                                                                                                                                            |    <0.001 |
|         U0/ctrl/tx_sync/fifo_reg_0_3_0_4                                                                                                                                                                   |    <0.001 |
|         U0/pl330_dma_rx_gen.rx_fifo/fifo/data_fifo_reg_0_7_0_5                                                                                                                                             |    <0.001 |
|         U0/pl330_dma_rx_gen.rx_fifo/fifo/data_fifo_reg_0_7_12_17                                                                                                                                           |    <0.001 |
|         U0/pl330_dma_rx_gen.rx_fifo/fifo/data_fifo_reg_0_7_18_23                                                                                                                                           |    <0.001 |
|         U0/pl330_dma_rx_gen.rx_fifo/fifo/data_fifo_reg_0_7_6_11                                                                                                                                            |    <0.001 |
|         U0/pl330_dma_tx_gen.tx_fifo/fifo/data_fifo_reg_0_7_0_5                                                                                                                                             |    <0.001 |
|         U0/pl330_dma_tx_gen.tx_fifo/fifo/data_fifo_reg_0_7_12_17                                                                                                                                           |    <0.001 |
|         U0/pl330_dma_tx_gen.tx_fifo/fifo/data_fifo_reg_0_7_18_23                                                                                                                                           |    <0.001 |
|         U0/pl330_dma_tx_gen.tx_fifo/fifo/data_fifo_reg_0_7_6_11                                                                                                                                            |    <0.001 |
|       axi_iic_fmc                                                                                                                                                                                          |     0.002 |
|         U0                                                                                                                                                                                                 |     0.002 |
|       axi_iic_main                                                                                                                                                                                         |     0.002 |
|         U0                                                                                                                                                                                                 |     0.002 |
|       axi_register_0                                                                                                                                                                                       |    <0.001 |
|       axi_spdif_tx_core                                                                                                                                                                                    |     0.001 |
|         U0/pl330_dma_gen.fifo/fifo/data_fifo_reg_0_7_0_5                                                                                                                                                   |    <0.001 |
|         U0/pl330_dma_gen.fifo/fifo/data_fifo_reg_0_7_12_17                                                                                                                                                 |    <0.001 |
|         U0/pl330_dma_gen.fifo/fifo/data_fifo_reg_0_7_18_23                                                                                                                                                 |    <0.001 |
|         U0/pl330_dma_gen.fifo/fifo/data_fifo_reg_0_7_24_29                                                                                                                                                 |    <0.001 |
|         U0/pl330_dma_gen.fifo/fifo/data_fifo_reg_0_7_30_31                                                                                                                                                 |    <0.001 |
|         U0/pl330_dma_gen.fifo/fifo/data_fifo_reg_0_7_6_11                                                                                                                                                  |    <0.001 |
|       sys_audio_clkgen                                                                                                                                                                                     |     0.121 |
|         inst                                                                                                                                                                                               |     0.121 |
|       sys_concat_intc                                                                                                                                                                                      |     0.000 |
|       sys_i2c_mixer                                                                                                                                                                                        |     0.000 |
|       sys_logic_inv                                                                                                                                                                                        |    <0.001 |
|       sys_ps7                                                                                                                                                                                              |     1.313 |
|         inst                                                                                                                                                                                               |     1.313 |
|       sys_rstgen                                                                                                                                                                                           |    <0.001 |
|         U0                                                                                                                                                                                                 |    <0.001 |
+------------------------------------------------------------------------------------------------------------------------------------------------------------------------------------------------------------+-----------+


