16:58:09 **** Auto Build of project bn_bsp ****
make -k all 
libgen -hw ../hw_platform_0/system.xml\
	       -lp D:/ROSTA/hdl-master/projects/adv7511/zed/bsp_repo\
	       -pe ps7_cortexa9_0 \
	       -log libgen.log \
	       system.mss
libgen
Xilinx EDK 2013.4 Build EDK_2013.4.20131205
Copyright (c) 1995-2012 Xilinx, Inc.  All rights reserved.

Command Line: libgen -hw ../hw_platform_0/system.xml -lp
D:/ROSTA/hdl-master/projects/adv7511/zed/bsp_repo -pe ps7_cortexa9_0 -log
libgen.log system.mss 


Staging source files.
Running DRCs.
#--------------------------------------

# device-tree BSP DRC...

#--------------------------------------

Running generate.
#--------------------------------------

# device-tree BSP generate...

#--------------------------------------

--- device tree generator version: v1.1 ---

generating xilinx.dts

Clock Port Summary:

axi_cpu_interconnect_s00_couplers_auto_pc.aclk connected to sys_ps7_FCLK_CLK0:

    CLK_FREQ_HZ = 100000000

axi_cpu_interconnect_xbar.aclk connected to sys_ps7_FCLK_CLK0:

    CLK_FREQ_HZ = 100000000

axi_hdmi_clkgen.s_axi_aclk connected to sys_ps7_FCLK_CLK0:

    CLK_FREQ_HZ = 100000000

axi_hdmi_core.m_axis_mm2s_clk connected to sys_ps7_FCLK_CLK0:

    CLK_FREQ_HZ = 100000000

axi_hdmi_core.s_axi_aclk connected to sys_ps7_FCLK_CLK0:

    CLK_FREQ_HZ = 100000000

axi_hdmi_dma.s_axi_lite_aclk connected to sys_ps7_FCLK_CLK0:

    CLK_FREQ_HZ = 100000000

axi_hdmi_dma.m_axi_mm2s_aclk connected to sys_ps7_FCLK_CLK0:

    CLK_FREQ_HZ = 100000000

axi_hdmi_dma.m_axis_mm2s_aclk connected to sys_ps7_FCLK_CLK0:

    CLK_FREQ_HZ = 100000000

axi_hdmi_interconnect_s00_couplers_auto_pc.aclk connected to sys_ps7_FCLK_CLK0:

    CLK_FREQ_HZ = 100000000

axi_i2s_adi.S_AXI_ACLK connected to sys_ps7_FCLK_CLK0:

    CLK_FREQ_HZ = 100000000

axi_iic_fmc.s_axi_aclk connected to sys_ps7_FCLK_CLK0:

    CLK_FREQ_HZ = 100000000

axi_iic_main.s_axi_aclk connected to sys_ps7_FCLK_CLK0:

    CLK_FREQ_HZ = 100000000

axi_register_0.s00_axi_aclk connected to sys_ps7_FCLK_CLK0:

    CLK_FREQ_HZ = 100000000

axi_spdif_tx_core.S_AXI_ACLK connected to sys_ps7_FCLK_CLK0:

    CLK_FREQ_HZ = 100000000

sys_audio_clkgen.clk_in1 connected to sys_ps7_FCLK_CLK1:

    CLK_FREQ_HZ = 200000000

sys_audio_clkgen.clk_out1 connected to sys_audio_clkgen_clk_out1:

    CLK_FREQ_HZ = 12287988

    CLK_INPORT = 

    CLK_FACTOR = 

sys_rstgen.slowest_sync_clk connected to sys_ps7_FCLK_CLK0:

    CLK_FREQ_HZ = 100000000

ps7_uart_1.S_AXI_ACLK connected to ps7_axi_interconnect_0_M_AXI_ACLK:

    CLK_FREQ_HZ = WARNING: no frequency found!

ps7_qspi_0.S_AXI_ACLK connected to ps7_axi_interconnect_0_M_AXI_ACLK:

    CLK_FREQ_HZ = WARNING: no frequency found!

ps7_qspi_linear_0.S_AXI_ACLK connected to ps7_axi_interconnect_0_M_AXI_ACLK:

    CLK_FREQ_HZ = WARNING: no frequency found!

ps7_axi_interconnect_0.M_AXI_ACLK connected to
ps7_axi_interconnect_0_M_AXI_ACLK:

    CLK_FREQ_HZ = WARNING: no frequency found!

ps7_cortexa9_0.M_AXI_DP_ACLK connected to
ps7_axi_interconnect_0_S_AXI_CTRL_ACLK:

    CLK_FREQ_HZ = WARNING: no frequency found!

ps7_cortexa9_1.M_AXI_DP_ACLK connected to
ps7_axi_interconnect_0_S_AXI_CTRL_ACLK:

    CLK_FREQ_HZ = WARNING: no frequency found!

ps7_ddr_0.S_AXI_ACLK connected to ps7_axi_interconnect_0_M_AXI_ACLK:

    CLK_FREQ_HZ = WARNING: no frequency found!

ps7_ethernet_0.S_AXI_ACLK connected to ps7_axi_interconnect_0_M_AXI_ACLK:

    CLK_FREQ_HZ = WARNING: no frequency found!

ps7_usb_0.S_AXI_ACLK connected to ps7_axi_interconnect_0_M_AXI_ACLK:

    CLK_FREQ_HZ = WARNING: no frequency found!

ps7_sd_0.S_AXI_ACLK connected to ps7_axi_interconnect_0_M_AXI_ACLK:

    CLK_FREQ_HZ = WARNING: no frequency found!

ps7_i2c_0.S_AXI_ACLK connected to ps7_axi_interconnect_0_M_AXI_ACLK:

    CLK_FREQ_HZ = WARNING: no frequency found!

ps7_ttc_0.S_AXI_ACLK connected to ps7_axi_interconnect_0_M_AXI_ACLK:

    CLK_FREQ_HZ = WARNING: no frequency found!

ps7_gpio_0.S_AXI_ACLK connected to ps7_axi_interconnect_0_M_AXI_ACLK:

    CLK_FREQ_HZ = WARNING: no frequency found!

ps7_ddrc_0.S_AXI_ACLK connected to ps7_axi_interconnect_0_M_AXI_ACLK:

    CLK_FREQ_HZ = WARNING: no frequency found!

ps7_dev_cfg_0.S_AXI_ACLK connected to ps7_axi_interconnect_0_M_AXI_ACLK:

    CLK_FREQ_HZ = WARNING: no frequency found!

ps7_xadc_0.S_AXI_ACLK connected to ps7_axi_interconnect_0_M_AXI_ACLK:

    CLK_FREQ_HZ = WARNING: no frequency found!

ps7_ocmc_0.S_AXI_ACLK connected to ps7_axi_interconnect_0_M_AXI_ACLK:

    CLK_FREQ_HZ = WARNING: no frequency found!

ps7_coresight_comp_0.S_AXI_ACLK connected to ps7_axi_interconnect_0_M_AXI_ACLK:

    CLK_FREQ_HZ = WARNING: no frequency found!

ps7_gpv_0.S_AXI_ACLK connected to ps7_axi_interconnect_0_M_AXI_ACLK:

    CLK_FREQ_HZ = WARNING: no frequency found!

ps7_scuc_0.S_AXI_ACLK connected to ps7_axi_interconnect_0_M_AXI_ACLK:

    CLK_FREQ_HZ = WARNING: no frequency found!

ps7_globaltimer_0.S_AXI_ACLK connected to ps7_axi_interconnect_0_M_AXI_ACLK:

    CLK_FREQ_HZ = WARNING: no frequency found!

ps7_intc_dist_0.S_AXI_ACLK connected to ps7_axi_interconnect_0_M_AXI_ACLK:

    CLK_FREQ_HZ = WARNING: no frequency found!

ps7_l2cachec_0.S_AXI_ACLK connected to ps7_axi_interconnect_0_M_AXI_ACLK:

    CLK_FREQ_HZ = WARNING: no frequency found!

ps7_dma_s.S_AXI_ACLK connected to ps7_axi_interconnect_0_M_AXI_ACLK:

    CLK_FREQ_HZ = WARNING: no frequency found!

ps7_iop_bus_config_0.S_AXI_ACLK connected to ps7_axi_interconnect_0_M_AXI_ACLK:

    CLK_FREQ_HZ = WARNING: no frequency found!

ps7_ram_0.S_AXI_ACLK connected to ps7_axi_interconnect_0_M_AXI_ACLK:

    CLK_FREQ_HZ = WARNING: no frequency found!

ps7_ram_1.S_AXI_ACLK connected to ps7_axi_interconnect_0_M_AXI_ACLK:

    CLK_FREQ_HZ = WARNING: no frequency found!

ps7_scugic_0.S_AXI_ACLK connected to ps7_axi_interconnect_0_M_AXI_ACLK:

    CLK_FREQ_HZ = WARNING: no frequency found!

ps7_scutimer_0.S_AXI_ACLK connected to ps7_axi_interconnect_0_M_AXI_ACLK:

    CLK_FREQ_HZ = WARNING: no frequency found!

ps7_scuwdt_0.S_AXI_ACLK connected to ps7_axi_interconnect_0_M_AXI_ACLK:

    CLK_FREQ_HZ = WARNING: no frequency found!

ps7_slcr_0.S_AXI_ACLK connected to ps7_axi_interconnect_0_M_AXI_ACLK:

    CLK_FREQ_HZ = WARNING: no frequency found!

ps7_dma_ns.S_AXI_ACLK connected to ps7_axi_interconnect_0_M_AXI_ACLK:

    CLK_FREQ_HZ = WARNING: no frequency found!

ps7_afi_0.S_AXI_ACLK connected to ps7_axi_interconnect_0_M_AXI_ACLK:

    CLK_FREQ_HZ = WARNING: no frequency found!

ps7_afi_1.S_AXI_ACLK connected to ps7_axi_interconnect_0_M_AXI_ACLK:

    CLK_FREQ_HZ = WARNING: no frequency found!

ps7_afi_2.S_AXI_ACLK connected to ps7_axi_interconnect_0_M_AXI_ACLK:

    CLK_FREQ_HZ = WARNING: no frequency found!

ps7_afi_3.S_AXI_ACLK connected to ps7_axi_interconnect_0_M_AXI_ACLK:

    CLK_FREQ_HZ = WARNING: no frequency found!

IP connected to bus: ps7_axi_interconnect_0

-master M_AXI_DP ps7_axi_interconnect_0 ps7_cortexa9_0

-master M_AXI_DP ps7_axi_interconnect_0 ps7_cortexa9_1

-slave S_AXI ps7_axi_interconnect_0 ps7_uart_1

-slave S_AXI ps7_axi_interconnect_0 ps7_qspi_0

-slave S_AXI ps7_axi_interconnect_0 ps7_qspi_linear_0

-slave S_AXI ps7_axi_interconnect_0 ps7_ethernet_0

-slave S_AXI ps7_axi_interconnect_0 ps7_usb_0

-slave S_AXI ps7_axi_interconnect_0 ps7_sd_0

-slave S_AXI ps7_axi_interconnect_0 ps7_i2c_0

-slave S_AXI ps7_axi_interconnect_0 ps7_ttc_0

-slave S_AXI ps7_axi_interconnect_0 ps7_gpio_0

-slave S_AXI ps7_axi_interconnect_0 ps7_ddrc_0

-slave S_AXI ps7_axi_interconnect_0 ps7_dev_cfg_0

-slave S_AXI ps7_axi_interconnect_0 ps7_xadc_0

-slave S_AXI ps7_axi_interconnect_0 ps7_ocmc_0

-slave S_AXI ps7_axi_interconnect_0 ps7_coresight_comp_0

-slave S_AXI ps7_axi_interconnect_0 ps7_gpv_0

-slave S_AXI ps7_axi_interconnect_0 ps7_scuc_0

-slave S_AXI ps7_axi_interconnect_0 ps7_globaltimer_0

-slave S_AXI ps7_axi_interconnect_0 ps7_intc_dist_0

-slave S_AXI ps7_axi_interconnect_0 ps7_l2cachec_0

-slave S_AXI ps7_axi_interconnect_0 ps7_dma_s

-slave S_AXI ps7_axi_interconnect_0 ps7_iop_bus_config_0

-slave S_AXI ps7_axi_interconnect_0 ps7_ram_1

-slave S_AXI ps7_axi_interconnect_0 ps7_scugic_0

-slave S_AXI ps7_axi_interconnect_0 ps7_scutimer_0

-slave S_AXI ps7_axi_interconnect_0 ps7_scuwdt_0

-slave S_AXI ps7_axi_interconnect_0 ps7_slcr_0

-slave S_AXI ps7_axi_interconnect_0 ps7_dma_ns

-slave S_AXI ps7_axi_interconnect_0 ps7_afi_0

-slave S_AXI ps7_axi_interconnect_0 ps7_afi_1

-slave S_AXI ps7_axi_interconnect_0 ps7_afi_2

-slave S_AXI ps7_axi_interconnect_0 ps7_afi_3

-slave axi_hdmi_clkgen

-slave axi_hdmi_core

-slave axi_hdmi_dma

-slave axi_i2s_adi

-slave axi_iic_fmc

-slave axi_iic_main

-slave axi_register_0

-slave axi_spdif_tx_core

-slave ps7_afi_0

IP 108756096 ps7_afi_0 is already appended - skip it

-slave ps7_afi_1

IP 108756224 ps7_afi_1 is already appended - skip it

-slave ps7_afi_2

IP 108756352 ps7_afi_2 is already appended - skip it

-slave ps7_afi_3

IP 108756480 ps7_afi_3 is already appended - skip it

-slave ps7_coresight_comp_0

IP 108754176 ps7_coresight_comp_0 is already appended - skip it

-slave ps7_ddr_0

-slave ps7_ddrc_0

IP 108753664 ps7_ddrc_0 is already appended - skip it

-slave ps7_dev_cfg_0

IP 108753792 ps7_dev_cfg_0 is already appended - skip it

-slave ps7_dma_ns

-slave ps7_dma_s

IP 108754944 ps7_dma_s is already appended - skip it

-slave ps7_ethernet_0

IP 108752896 ps7_ethernet_0 is already appended - skip it

-slave ps7_globaltimer_0

IP 108754560 ps7_globaltimer_0 is already appended - skip it

-slave ps7_gpio_0

IP 108753536 ps7_gpio_0 is already appended - skip it

-slave ps7_gpv_0

IP 108754304 ps7_gpv_0 is already appended - skip it

-slave ps7_i2c_0

IP 108753280 ps7_i2c_0 is already appended - skip it

-slave ps7_intc_dist_0

IP 108754688 ps7_intc_dist_0 is already appended - skip it

-slave ps7_iop_bus_config_0

IP 108755072 ps7_iop_bus_config_0 is already appended - skip it

-slave ps7_l2cachec_0

IP 108754816 ps7_l2cachec_0 is already appended - skip it

-slave ps7_ocmc_0

IP 108754048 ps7_ocmc_0 is already appended - skip it

-slave ps7_qspi_0

IP 108752256 ps7_qspi_0 is already appended - skip it

-slave ps7_qspi_linear_0

IP 108752384 ps7_qspi_linear_0 is already appended - skip it

-slave ps7_ram_0

-slave ps7_ram_1

IP 108755328 ps7_ram_1 is already appended - skip it

-slave ps7_scuc_0

IP 108754432 ps7_scuc_0 is already appended - skip it

-slave ps7_scugic_0

IP 108755456 ps7_scugic_0 is already appended - skip it

-slave ps7_scutimer_0

IP 108755584 ps7_scutimer_0 is already appended - skip it

-slave ps7_scuwdt_0

IP 108755712 ps7_scuwdt_0 is already appended - skip it

-slave ps7_sd_0

IP 108753152 ps7_sd_0 is already appended - skip it

-slave ps7_slcr_0

IP 108755840 ps7_slcr_0 is already appended - skip it

-slave ps7_ttc_0

IP 108753408 ps7_ttc_0 is already appended - skip it

-slave ps7_uart_1

IP 108752128 ps7_uart_1 is already appended - skip it

-slave ps7_usb_0

IP 108753024 ps7_usb_0 is already appended - skip it

-slave ps7_xadc_0

IP 108753920 ps7_xadc_0 is already appended - skip it

ps7_afi_0

ps7_afi_1

ps7_afi_2

ps7_afi_3

axi_hdmi_clkgen

axi_hdmi_core

axi_i2s_adi

axi_register_0

axi_spdif_tx_core

{serial1 aliasref ps7_uart_1 1} {spi0 aliasref ps7_qspi_0 0} {ethernet0 aliasref
ps7_ethernet_0 0} {i2c0 aliasref ps7_i2c_0 0} {i2c1 aliasref axi_iic_fmc 1}
{i2c2 aliasref axi_iic_main 2}

WARNING:EDK - : no console ip was specified.  This may prevent output from
   appearing on the boot console.


Running post_generate.
Running execs_generate.
'Finished building libraries'

16:58:15 Build Finished (took 6s.338ms)

