Copyright 1986-1999, 2001-2013 Xilinx, Inc. All Rights Reserved.
---------------------------------------------------------------------------------------------------------------
| Tool Version : Vivado v.2013.4 (win64) Build 353583 Mon Dec  9 17:49:19 MST 2013
| Date         : Thu Sep 18 12:46:44 2014
| Host         :  running 64-bit Service Pack 1  (build 7601)
| Command      : report_utilization -file system_top_utilization_synth.rpt -pb system_top_utilization_synth.pb
| Design       : system_top
| Device       : xc7z020
| Design State : Synthesized
---------------------------------------------------------------------------------------------------------------

Utilization Design Information

Table of Contents
-----------------
1. Slice Logic
2. Memory
3. DSP
4. IO and GTX Specific
5. Clocking
6. Specific Feature
7. Primitives
8. Black Boxes
9. Instantiated Netlists

1. Slice Logic
--------------

+----------------------------+------+-------+-----------+-------+
|          Site Type         | Used | Loced | Available | Util% |
+----------------------------+------+-------+-----------+-------+
| Slice LUTs*                | 4919 |     0 |     53200 |  9.24 |
|   LUT as Logic             | 4604 |     0 |     53200 |  8.65 |
|   LUT as Memory            |  315 |     0 |     17400 |  1.81 |
|     LUT as Distributed RAM |   66 |     0 |           |       |
|     LUT as Shift Register  |  249 |     0 |           |       |
| Slice Registers            | 5407 |     0 |    106400 |  5.08 |
|   Register as Flip Flop    | 5407 |     0 |    106400 |  5.08 |
|   Register as Latch        |    0 |     0 |    106400 |  0.00 |
| F7 Muxes                   |    1 |     0 |     26600 | <0.01 |
| F8 Muxes                   |    0 |     0 |     13300 |  0.00 |
+----------------------------+------+-------+-----------+-------+
* Warning! The Final LUT count, after physical optimizations and full implementation, is typically lower. Run opt_design after synthesis for a more realistic count.


2. Memory
---------

+-------------------+------+-------+-----------+-------+
|     Site Type     | Used | Loced | Available | Util% |
+-------------------+------+-------+-----------+-------+
| Block RAM Tile    |    2 |     0 |       140 |  1.42 |
|   RAMB36/FIFO*    |    2 |     0 |       140 |  1.42 |
|     RAMB36E1 only |    2 |       |           |       |
|   RAMB18          |    0 |     0 |       280 |  0.00 |
+-------------------+------+-------+-----------+-------+
* Note: Each Block RAM Tile only has one FIFO logic available and therefore can accommodate only one FIFO36E1 or one FIFO18E1. However, if a FIFO18E1 occupies a Block RAM Tile, that tile can still accommodate a RAMB18E1


3. DSP
------

+----------------+------+-------+-----------+-------+
|    Site Type   | Used | Loced | Available | Util% |
+----------------+------+-------+-----------+-------+
| DSPs           |    9 |     0 |       220 |  4.09 |
|   DSP48E1 only |    9 |       |           |       |
+----------------+------+-------+-----------+-------+


4. IO and GTX Specific
----------------------

+-----------------------------+------+-------+-----------+-------+
|          Site Type          | Used | Loced | Available | Util% |
+-----------------------------+------+-------+-----------+-------+
| Bonded IOB                  |  195 |     0 |       200 | 97.50 |
| Bonded IPADs                |    0 |     0 |         2 |  0.00 |
| Bonded IOPADs               |    0 |     0 |       130 |  0.00 |
| IBUFGDS                     |    0 |     0 |       192 |  0.00 |
| IDELAYCTRL                  |    0 |     0 |         4 |  0.00 |
| IN_FIFO                     |    0 |     0 |        16 |  0.00 |
| OUT_FIFO                    |    0 |     0 |        16 |  0.00 |
| PHASER_REF                  |    0 |     0 |         4 |  0.00 |
| PHY_CONTROL                 |    0 |     0 |         4 |  0.00 |
| PHASER_OUT/PHASER_OUT_PHY   |    0 |     0 |        16 |  0.00 |
| PHASER_IN/PHASER_IN_PHY     |    0 |     0 |        16 |  0.00 |
| IDELAYE2/IDELAYE2_FINEDELAY |    0 |     0 |       200 |  0.00 |
| ODELAYE2/ODELAYE2_FINEDELAY |    0 |     0 |         0 |  0.00 |
| IBUFDS_GTE2                 |    0 |     0 |         0 |  0.00 |
| ILOGIC                      |    0 |     0 |       200 |  0.00 |
| OLOGIC                      |    1 |     0 |       200 |  0.50 |
|   ODDR                      |    1 |       |           |       |
+-----------------------------+------+-------+-----------+-------+


5. Clocking
-----------

+------------+------+-------+-----------+-------+
|  Site Type | Used | Loced | Available | Util% |
+------------+------+-------+-----------+-------+
| BUFGCTRL   |    7 |     0 |        32 | 21.87 |
| BUFIO      |    0 |     0 |        16 |  0.00 |
| MMCME2_ADV |    2 |     0 |         4 | 50.00 |
| PLLE2_ADV  |    0 |     0 |         4 |  0.00 |
| BUFMRCE    |    0 |     0 |         8 |  0.00 |
| BUFHCE     |    0 |     0 |        72 |  0.00 |
| BUFR       |    0 |     0 |        16 |  0.00 |
+------------+------+-------+-----------+-------+


6. Specific Feature
-------------------

+-------------+------+-------+-----------+-------+
|  Site Type  | Used | Loced | Available | Util% |
+-------------+------+-------+-----------+-------+
| BSCANE2     |    0 |     0 |         4 |  0.00 |
| CAPTUREE2   |    0 |     0 |         1 |  0.00 |
| DNA_PORT    |    0 |     0 |         1 |  0.00 |
| EFUSE_USR   |    0 |     0 |         1 |  0.00 |
| FRAME_ECCE2 |    0 |     0 |         1 |  0.00 |
| ICAPE2      |    0 |     0 |         2 |  0.00 |
| STARTUPE2   |    0 |     0 |         1 |  0.00 |
| XADC        |    0 |     0 |         1 |  0.00 |
+-------------+------+-------+-----------+-------+


7. Primitives
-------------

+------------+------+
|  Ref Name  | Used |
+------------+------+
| FDRE       | 4321 |
| LUT6       | 1392 |
| LUT3       | 1095 |
| LUT5       |  982 |
| LUT4       |  870 |
| FDCE       |  851 |
| LUT2       |  667 |
| LUT1       |  516 |
| CARRY4     |  274 |
| FDSE       |  219 |
| SRL16E     |  202 |
| BIBUF      |  130 |
| RAMD32     |   98 |
| SRLC32E    |   47 |
| IBUF       |   40 |
| OBUFT      |   38 |
| RAMS32     |   32 |
| OBUF       |   25 |
| FDPE       |   16 |
| DSP48E1    |    9 |
| BUFG       |    7 |
| RAMB36E1   |    2 |
| MMCME2_ADV |    2 |
| PS7        |    1 |
| ODDR       |    1 |
| MUXF7      |    1 |
+------------+------+


8. Black Boxes
--------------

+----------+------+
| Ref Name | Used |
+----------+------+


9. Instantiated Netlists
------------------------

+----------+------+
| Ref Name | Used |
+----------+------+


